
Dec 14, 2021 01:06:24.698 NEW SESSION
Dec 14, 2021 01:06:24.699 [12664:13920:1214/010624.696:ERROR:chrome_browser_main_extra_parts_metrics.cc(226)] crbug.com/1216328: Checking Bluetooth availability started. Please report if there is no report that this ends.
Dec 14, 2021 01:06:24.699 [12664:13920:1214/010624.696:ERROR:chrome_browser_main_extra_parts_metrics.cc(229)] crbug.com/1216328: Checking Bluetooth availability ended.
Dec 14, 2021 01:06:24.699 [12664:13920:1214/010624.696:ERROR:chrome_browser_main_extra_parts_metrics.cc(232)] crbug.com/1216328: Checking default browser status started. Please report if there is no report that this ends.
Dec 14, 2021 01:06:24.747 [12664:14156:1214/010624.747:ERROR:device_event_log_impl.cc(214)] [01:06:24.747] USB: usb_device_handle_win.cc:1048 Failed to read descriptor from node connection: A device attached to the system is not functioning. (0x1F)
Dec 14, 2021 01:06:24.748 [12664:14156:1214/010624.747:ERROR:device_event_log_impl.cc(214)] [01:06:24.748] USB: usb_device_handle_win.cc:1048 Failed to read descriptor from node connection: A device attached to the system is not functioning. (0x1F)
Dec 14, 2021 01:06:24.763 [12664:13920:1214/010624.763:ERROR:chrome_browser_main_extra_parts_metrics.cc(236)] crbug.com/1216328: Checking default browser status ended.
Dec 14, 2021 01:13:23.227 [7124:236:1214/011323.227:ERROR:chrome_browser_main_extra_parts_metrics.cc(226)] crbug.com/1216328: Checking Bluetooth availability started. Please report if there is no report that this ends.
Dec 14, 2021 01:13:23.241 [7124:236:1214/011323.227:ERROR:chrome_browser_main_extra_parts_metrics.cc(229)] crbug.com/1216328: Checking Bluetooth availability ended.
Dec 14, 2021 01:13:23.257 [7124:236:1214/011323.257:ERROR:chrome_browser_main_extra_parts_metrics.cc(232)] crbug.com/1216328: Checking default browser status started. Please report if there is no report that this ends.
Dec 14, 2021 01:13:23.259 [7124:236:1214/011323.259:ERROR:chrome_browser_main_extra_parts_metrics.cc(236)] crbug.com/1216328: Checking default browser status ended.
Dec 14, 2021 01:13:23.295 [7124:10120:1214/011323.295:ERROR:device_event_log_impl.cc(214)] [01:13:23.294] USB: usb_device_handle_win.cc:1048 Failed to read descriptor from node connection: A device attached to the system is not functioning. (0x1F)
Dec 14, 2021 01:13:23.295 [7124:10120:1214/011323.295:ERROR:device_event_log_impl.cc(214)] [01:13:23.294] USB: usb_device_handle_win.cc:1048 Failed to read descriptor from node connection: A device attached to the system is not functioning. (0x1F)
Dec 14, 2021 02:18:09.312 [13012:11760:1214/021809.312:ERROR:chrome_browser_main_extra_parts_metrics.cc(226)] crbug.com/1216328: Checking Bluetooth availability started. Please report if there is no report that this ends.
Dec 14, 2021 02:18:09.366 [13012:12496:1214/021809.362:ERROR:device_event_log_impl.cc(214)] [02:18:09.362] USB: usb_device_handle_win.cc:1048 Failed to read descriptor from node connection: A device attached to the system is not functioning. (0x1F)
Dec 14, 2021 02:18:09.366 [13012:12496:1214/021809.366:ERROR:device_event_log_impl.cc(214)] [02:18:09.366] USB: usb_device_handle_win.cc:1048 Failed to read descriptor from node connection: A device attached to the system is not functioning. (0x1F)
Dec 14, 2021 02:18:09.379 [13012:11760:1214/021809.379:ERROR:chrome_browser_main_extra_parts_metrics.cc(229)] crbug.com/1216328: Checking Bluetooth availability ended.
Dec 14, 2021 02:18:09.452 [13012:11760:1214/021809.452:ERROR:chrome_browser_main_extra_parts_metrics.cc(232)] crbug.com/1216328: Checking default browser status started. Please report if there is no report that this ends.
Dec 14, 2021 02:18:09.454 [13012:11760:1214/021809.453:ERROR:chrome_browser_main_extra_parts_metrics.cc(236)] crbug.com/1216328: Checking default browser status ended.
Dec 14, 2021 03:22:43.119 [13012:12496:1214/032243.119:ERROR:gcm_message_cryptographer.cc(376)] Unable to transform the record.
Dec 14, 2021 03:33:30.84 [13012:12496:1214/033330.084:ERROR:interface_endpoint_client.cc(658)] Message 5 rejected by interface blink.mojom.WidgetHost
Dec 16, 2021 01:34:38.211 [3156:12364:1216/013438.211:ERROR:device_event_log_impl.cc(214)] [01:34:38.211] USB: usb_device_handle_win.cc:1048 Failed to read descriptor from node connection: A device attached to the system is not functioning. (0x1F)
Dec 16, 2021 01:34:38.212 [3156:12364:1216/013438.211:ERROR:device_event_log_impl.cc(214)] [01:34:38.211] USB: usb_device_handle_win.cc:1048 Failed to read descriptor from node connection: A device attached to the system is not functioning. (0x1F)
Dec 16, 2021 01:34:38.213 [3156:12804:1216/013438.213:ERROR:chrome_browser_main_extra_parts_metrics.cc(226)] crbug.com/1216328: Checking Bluetooth availability started. Please report if there is no report that this ends.
Dec 16, 2021 01:34:38.234 [3156:12804:1216/013438.234:ERROR:chrome_browser_main_extra_parts_metrics.cc(229)] crbug.com/1216328: Checking Bluetooth availability ended.
Dec 16, 2021 01:34:38.235 [3156:12804:1216/013438.234:ERROR:chrome_browser_main_extra_parts_metrics.cc(232)] crbug.com/1216328: Checking default browser status started. Please report if there is no report that this ends.
Dec 16, 2021 01:34:38.239 [3156:12804:1216/013438.238:ERROR:chrome_browser_main_extra_parts_metrics.cc(236)] crbug.com/1216328: Checking default browser status ended.
Dec 16, 2021 02:01:51.582 [1392:8460:1216/020151.582:ERROR:device_event_log_impl.cc(214)] [02:01:51.582] USB: usb_device_handle_win.cc:1048 Failed to read descriptor from node connection: A device attached to the system is not functioning. (0x1F)
Dec 16, 2021 02:01:51.582 [1392:8460:1216/020151.582:ERROR:device_event_log_impl.cc(214)] [02:01:51.582] USB: usb_device_handle_win.cc:1048 Failed to read descriptor from node connection: A device attached to the system is not functioning. (0x1F)
Dec 16, 2021 02:01:51.587 [1392:3856:1216/020151.587:ERROR:chrome_browser_main_extra_parts_metrics.cc(226)] crbug.com/1216328: Checking Bluetooth availability started. Please report if there is no report that this ends.
Dec 16, 2021 02:01:51.588 [1392:3856:1216/020151.588:ERROR:chrome_browser_main_extra_parts_metrics.cc(229)] crbug.com/1216328: Checking Bluetooth availability ended.
Dec 16, 2021 02:01:51.588 [1392:3856:1216/020151.588:ERROR:chrome_browser_main_extra_parts_metrics.cc(232)] crbug.com/1216328: Checking default browser status started. Please report if there is no report that this ends.
Dec 16, 2021 02:01:51.600 [1392:3856:1216/020151.600:ERROR:chrome_browser_main_extra_parts_metrics.cc(236)] crbug.com/1216328: Checking default browser status ended.
Dec 16, 2021 02:02:30.957 [5796:12244:1216/020230.956:ERROR:device_event_log_impl.cc(214)] [02:02:30.956] USB: usb_device_handle_win.cc:1048 Failed to read descriptor from node connection: A device attached to the system is not functioning. (0x1F)
Dec 16, 2021 02:02:30.957 [5796:12244:1216/020230.957:ERROR:device_event_log_impl.cc(214)] [02:02:30.956] USB: usb_device_handle_win.cc:1048 Failed to read descriptor from node connection: A device attached to the system is not functioning. (0x1F)
Dec 16, 2021 02:02:30.966 [5796:13832:1216/020230.966:ERROR:chrome_browser_main_extra_parts_metrics.cc(226)] crbug.com/1216328: Checking Bluetooth availability started. Please report if there is no report that this ends.
Dec 16, 2021 02:02:30.967 [5796:13832:1216/020230.967:ERROR:chrome_browser_main_extra_parts_metrics.cc(229)] crbug.com/1216328: Checking Bluetooth availability ended.
Dec 16, 2021 02:02:30.995 [5796:13832:1216/020230.995:ERROR:chrome_browser_main_extra_parts_metrics.cc(232)] crbug.com/1216328: Checking default browser status started. Please report if there is no report that this ends.
Dec 16, 2021 02:02:30.998 [5796:13832:1216/020230.998:ERROR:chrome_browser_main_extra_parts_metrics.cc(236)] crbug.com/1216328: Checking default browser status ended.
Dec 16, 2021 02:17:41.84 [8832:6176:1216/021741.083:ERROR:chrome_browser_main_extra_parts_metrics.cc(226)] crbug.com/1216328: Checking Bluetooth availability started. Please report if there is no report that this ends.
Dec 16, 2021 02:17:41.86 [8832:6176:1216/021741.084:ERROR:chrome_browser_main_extra_parts_metrics.cc(229)] crbug.com/1216328: Checking Bluetooth availability ended.
Dec 16, 2021 02:17:41.86 [8832:6176:1216/021741.084:ERROR:chrome_browser_main_extra_parts_metrics.cc(232)] crbug.com/1216328: Checking default browser status started. Please report if there is no report that this ends.
Dec 16, 2021 02:17:41.87 [8832:356:1216/021741.084:ERROR:device_event_log_impl.cc(214)] [02:17:41.084] USB: usb_device_handle_win.cc:1048 Failed to read descriptor from node connection: A device attached to the system is not functioning. (0x1F)
Dec 16, 2021 02:17:41.87 [8832:356:1216/021741.084:ERROR:device_event_log_impl.cc(214)] [02:17:41.085] USB: usb_device_handle_win.cc:1048 Failed to read descriptor from node connection: A device attached to the system is not functioning. (0x1F)
Dec 16, 2021 02:17:41.93 [8832:6176:1216/021741.093:ERROR:chrome_browser_main_extra_parts_metrics.cc(236)] crbug.com/1216328: Checking default browser status ended.
Dec 16, 2021 02:21:37.15 [11828:6028:1216/022137.015:ERROR:device_event_log_impl.cc(214)] [02:21:37.015] USB: usb_device_handle_win.cc:1048 Failed to read descriptor from node connection: A device attached to the system is not functioning. (0x1F)
Dec 16, 2021 02:21:37.16 [11828:6028:1216/022137.015:ERROR:device_event_log_impl.cc(214)] [02:21:37.016] USB: usb_device_handle_win.cc:1048 Failed to read descriptor from node connection: A device attached to the system is not functioning. (0x1F)
Dec 16, 2021 02:21:37.32 [11828:9828:1216/022137.032:ERROR:chrome_browser_main_extra_parts_metrics.cc(226)] crbug.com/1216328: Checking Bluetooth availability started. Please report if there is no report that this ends.
Dec 16, 2021 02:21:37.33 [11828:9828:1216/022137.033:ERROR:chrome_browser_main_extra_parts_metrics.cc(229)] crbug.com/1216328: Checking Bluetooth availability ended.
Dec 16, 2021 02:21:37.48 [11828:9828:1216/022137.048:ERROR:chrome_browser_main_extra_parts_metrics.cc(232)] crbug.com/1216328: Checking default browser status started. Please report if there is no report that this ends.
Dec 16, 2021 02:21:37.51 [11828:9828:1216/022137.051:ERROR:chrome_browser_main_extra_parts_metrics.cc(236)] crbug.com/1216328: Checking default browser status ended.
Dec 16, 2021 02:28:28.773 [4920:3712:1216/022828.773:ERROR:device_event_log_impl.cc(214)] [02:28:28.773] USB: usb_device_handle_win.cc:1048 Failed to read descriptor from node connection: A device attached to the system is not functioning. (0x1F)
Dec 16, 2021 02:28:28.774 [4920:3712:1216/022828.773:ERROR:device_event_log_impl.cc(214)] [02:28:28.773] USB: usb_device_handle_win.cc:1048 Failed to read descriptor from node connection: A device attached to the system is not functioning. (0x1F)
Dec 16, 2021 02:28:28.778 [4920:13140:1216/022828.778:ERROR:chrome_browser_main_extra_parts_metrics.cc(226)] crbug.com/1216328: Checking Bluetooth availability started. Please report if there is no report that this ends.
Dec 16, 2021 02:28:28.787 [4920:13140:1216/022828.786:ERROR:chrome_browser_main_extra_parts_metrics.cc(229)] crbug.com/1216328: Checking Bluetooth availability ended.
Dec 16, 2021 02:28:28.787 [4920:13140:1216/022828.787:ERROR:chrome_browser_main_extra_parts_metrics.cc(232)] crbug.com/1216328: Checking default browser status started. Please report if there is no report that this ends.
Dec 16, 2021 02:28:28.789 [4920:13140:1216/022828.789:ERROR:chrome_browser_main_extra_parts_metrics.cc(236)] crbug.com/1216328: Checking default browser status ended.
Dec 16, 2021 02:32:12.614 [4692:7644:1216/023212.614:ERROR:device_event_log_impl.cc(214)] [02:32:12.613] USB: usb_device_handle_win.cc:1048 Failed to read descriptor from node connection: A device attached to the system is not functioning. (0x1F)
Dec 16, 2021 02:32:12.615 [4692:7644:1216/023212.614:ERROR:device_event_log_impl.cc(214)] [02:32:12.614] USB: usb_device_handle_win.cc:1048 Failed to read descriptor from node connection: A device attached to the system is not functioning. (0x1F)
Dec 16, 2021 02:32:12.719 [4692:6896:1216/023212.719:ERROR:chrome_browser_main_extra_parts_metrics.cc(226)] crbug.com/1216328: Checking Bluetooth availability started. Please report if there is no report that this ends.
Dec 16, 2021 02:32:12.720 [4692:6896:1216/023212.720:ERROR:chrome_browser_main_extra_parts_metrics.cc(229)] crbug.com/1216328: Checking Bluetooth availability ended.
Dec 16, 2021 02:32:12.741 [4692:6896:1216/023212.741:ERROR:chrome_browser_main_extra_parts_metrics.cc(232)] crbug.com/1216328: Checking default browser status started. Please report if there is no report that this ends.
Dec 16, 2021 02:32:12.760 [4692:6896:1216/023212.760:ERROR:chrome_browser_main_extra_parts_metrics.cc(236)] crbug.com/1216328: Checking default browser status ended.
Dec 21, 2021 19:51:45.545 [13676:8180:1221/195145.544:ERROR:device_event_log_impl.cc(214)] [19:51:45.544] USB: usb_device_handle_win.cc:1048 Failed to read descriptor from node connection: A device attached to the system is not functioning. (0x1F)
Dec 21, 2021 19:51:45.549 [13676:8180:1221/195145.547:ERROR:device_event_log_impl.cc(214)] [19:51:45.547] USB: usb_device_handle_win.cc:1048 Failed to read descriptor from node connection: A device attached to the system is not functioning. (0x1F)
Dec 21, 2021 19:51:46.109 [13676:14504:1221/195146.099:ERROR:chrome_browser_main_extra_parts_metrics.cc(226)] crbug.com/1216328: Checking Bluetooth availability started. Please report if there is no report that this ends.
Dec 21, 2021 19:51:46.125 [13676:14504:1221/195146.124:ERROR:chrome_browser_main_extra_parts_metrics.cc(229)] crbug.com/1216328: Checking Bluetooth availability ended.
Dec 21, 2021 19:51:46.126 [13676:14504:1221/195146.124:ERROR:chrome_browser_main_extra_parts_metrics.cc(232)] crbug.com/1216328: Checking default browser status started. Please report if there is no report that this ends.
Dec 21, 2021 19:51:46.135 [13676:14504:1221/195146.135:ERROR:chrome_browser_main_extra_parts_metrics.cc(236)] crbug.com/1216328: Checking default browser status ended.
Dec 21, 2021 19:54:16.517 [7076:5244:1221/195416.516:ERROR:chrome_browser_main_extra_parts_metrics.cc(226)] crbug.com/1216328: Checking Bluetooth availability started. Please report if there is no report that this ends.
Dec 21, 2021 19:54:16.534 [7076:5244:1221/195416.534:ERROR:chrome_browser_main_extra_parts_metrics.cc(229)] crbug.com/1216328: Checking Bluetooth availability ended.
Dec 21, 2021 19:54:16.536 [7076:5244:1221/195416.535:ERROR:chrome_browser_main_extra_parts_metrics.cc(232)] crbug.com/1216328: Checking default browser status started. Please report if there is no report that this ends.
Dec 21, 2021 19:54:16.540 [7076:5244:1221/195416.540:ERROR:chrome_browser_main_extra_parts_metrics.cc(236)] crbug.com/1216328: Checking default browser status ended.
Dec 21, 2021 19:54:16.607 [7076:8356:1221/195416.607:ERROR:device_event_log_impl.cc(214)] [19:54:16.607] USB: usb_device_handle_win.cc:1048 Failed to read descriptor from node connection: A device attached to the system is not functioning. (0x1F)
Dec 21, 2021 19:54:16.608 [7076:8356:1221/195416.607:ERROR:device_event_log_impl.cc(214)] [19:54:16.607] USB: usb_device_handle_win.cc:1048 Failed to read descriptor from node connection: A device attached to the system is not functioning. (0x1F)
Dec 21, 2021 20:06:54.849 [13188:10788:1221/200654.849:ERROR:chrome_browser_main_extra_parts_metrics.cc(226)] crbug.com/1216328: Checking Bluetooth availability started. Please report if there is no report that this ends.
Dec 21, 2021 20:06:54.859 [13188:10788:1221/200654.859:ERROR:chrome_browser_main_extra_parts_metrics.cc(229)] crbug.com/1216328: Checking Bluetooth availability ended.
Dec 21, 2021 20:06:54.860 [13188:10788:1221/200654.860:ERROR:chrome_browser_main_extra_parts_metrics.cc(232)] crbug.com/1216328: Checking default browser status started. Please report if there is no report that this ends.
Dec 21, 2021 20:06:54.863 [13188:10788:1221/200654.863:ERROR:chrome_browser_main_extra_parts_metrics.cc(236)] crbug.com/1216328: Checking default browser status ended.
Dec 21, 2021 20:06:54.935 [13188:12156:1221/200654.935:ERROR:device_event_log_impl.cc(214)] [20:06:54.934] USB: usb_device_handle_win.cc:1048 Failed to read descriptor from node connection: A device attached to the system is not functioning. (0x1F)
Dec 21, 2021 20:06:54.935 [13188:12156:1221/200654.935:ERROR:device_event_log_impl.cc(214)] [20:06:54.934] USB: usb_device_handle_win.cc:1048 Failed to read descriptor from node connection: A device attached to the system is not functioning. (0x1F)

Dec 22, 2021 24:49:28.414 NEW SESSION
Dec 22, 2021 24:49:28.414 [772:12272:1222/004928.410:ERROR:device_event_log_impl.cc(214)] [00:49:28.410] USB: usb_device_handle_win.cc:1048 Failed to read descriptor from node connection: A device attached to the system is not functioning. (0x1F)
Dec 22, 2021 24:49:28.415 [772:12272:1222/004928.410:ERROR:device_event_log_impl.cc(214)] [00:49:28.411] USB: usb_device_handle_win.cc:1048 Failed to read descriptor from node connection: A device attached to the system is not functioning. (0x1F)
Dec 22, 2021 24:49:29.01 [772:11948:1222/004929.001:ERROR:chrome_browser_main_extra_parts_metrics.cc(226)] crbug.com/1216328: Checking Bluetooth availability started. Please report if there is no report that this ends.
Dec 22, 2021 24:49:29.02 [772:11948:1222/004929.001:ERROR:chrome_browser_main_extra_parts_metrics.cc(229)] crbug.com/1216328: Checking Bluetooth availability ended.
Dec 22, 2021 24:49:29.02 [772:11948:1222/004929.001:ERROR:chrome_browser_main_extra_parts_metrics.cc(232)] crbug.com/1216328: Checking default browser status started. Please report if there is no report that this ends.
Dec 22, 2021 24:49:29.17 [772:11948:1222/004929.017:ERROR:chrome_browser_main_extra_parts_metrics.cc(236)] crbug.com/1216328: Checking default browser status ended.
Dec 22, 2021 24:59:29.846 [12012:8624:1222/005929.846:ERROR:chrome_browser_main_extra_parts_metrics.cc(226)] crbug.com/1216328: Checking Bluetooth availability started. Please report if there is no report that this ends.
Dec 22, 2021 24:59:29.847 [12012:8624:1222/005929.846:ERROR:chrome_browser_main_extra_parts_metrics.cc(229)] crbug.com/1216328: Checking Bluetooth availability ended.
Dec 22, 2021 24:59:29.847 [12012:8624:1222/005929.846:ERROR:chrome_browser_main_extra_parts_metrics.cc(232)] crbug.com/1216328: Checking default browser status started. Please report if there is no report that this ends.
Dec 22, 2021 24:59:29.854 [12012:8624:1222/005929.854:ERROR:chrome_browser_main_extra_parts_metrics.cc(236)] crbug.com/1216328: Checking default browser status ended.
Dec 22, 2021 24:59:29.947 [12012:5828:1222/005929.946:ERROR:device_event_log_impl.cc(214)] [00:59:29.946] USB: usb_device_handle_win.cc:1048 Failed to read descriptor from node connection: A device attached to the system is not functioning. (0x1F)
Dec 22, 2021 24:59:29.947 [12012:5828:1222/005929.947:ERROR:device_event_log_impl.cc(214)] [00:59:29.946] USB: usb_device_handle_win.cc:1048 Failed to read descriptor from node connection: A device attached to the system is not functioning. (0x1F)
Dec 22, 2021 24:59:29.948 [12012:5828:1222/005929.947:ERROR:device_event_log_impl.cc(214)] [00:59:29.946] USB: usb_device_handle_win.cc:1048 Failed to read descriptor from node connection: A device attached to the system is not functioning. (0x1F)
Dec 22, 2021 01:01:55.409 [3324:472:1222/010155.409:ERROR:chrome_browser_main_extra_parts_metrics.cc(226)] crbug.com/1216328: Checking Bluetooth availability started. Please report if there is no report that this ends.
Dec 22, 2021 01:01:55.410 [3324:472:1222/010155.409:ERROR:chrome_browser_main_extra_parts_metrics.cc(229)] crbug.com/1216328: Checking Bluetooth availability ended.
Dec 22, 2021 01:01:55.410 [3324:472:1222/010155.409:ERROR:chrome_browser_main_extra_parts_metrics.cc(232)] crbug.com/1216328: Checking default browser status started. Please report if there is no report that this ends.
Dec 22, 2021 01:01:55.415 [3324:472:1222/010155.415:ERROR:chrome_browser_main_extra_parts_metrics.cc(236)] crbug.com/1216328: Checking default browser status ended.
Dec 22, 2021 01:01:55.512 [3324:2368:1222/010155.511:ERROR:device_event_log_impl.cc(214)] [01:01:55.512] USB: usb_device_handle_win.cc:1048 Failed to read descriptor from node connection: A device attached to the system is not functioning. (0x1F)
Dec 22, 2021 01:01:55.512 [3324:2368:1222/010155.512:ERROR:device_event_log_impl.cc(214)] [01:01:55.512] USB: usb_device_handle_win.cc:1048 Failed to read descriptor from node connection: A device attached to the system is not functioning. (0x1F)
Dec 22, 2021 01:06:06.86 [10904:5604:1222/010606.086:ERROR:chrome_browser_main_extra_parts_metrics.cc(226)] crbug.com/1216328: Checking Bluetooth availability started. Please report if there is no report that this ends.
Dec 22, 2021 01:06:06.87 [10904:5604:1222/010606.086:ERROR:chrome_browser_main_extra_parts_metrics.cc(229)] crbug.com/1216328: Checking Bluetooth availability ended.
Dec 22, 2021 01:06:06.87 [10904:5604:1222/010606.086:ERROR:chrome_browser_main_extra_parts_metrics.cc(232)] crbug.com/1216328: Checking default browser status started. Please report if there is no report that this ends.
Dec 22, 2021 01:06:06.91 [10904:5604:1222/010606.091:ERROR:chrome_browser_main_extra_parts_metrics.cc(236)] crbug.com/1216328: Checking default browser status ended.
Dec 22, 2021 01:06:06.185 [10904:11416:1222/010606.185:ERROR:device_event_log_impl.cc(214)] [01:06:06.184] USB: usb_device_handle_win.cc:1048 Failed to read descriptor from node connection: A device attached to the system is not functioning. (0x1F)
Dec 22, 2021 01:06:06.185 [10904:11416:1222/010606.185:ERROR:device_event_log_impl.cc(214)] [01:06:06.184] USB: usb_device_handle_win.cc:1048 Failed to read descriptor from node connection: A device attached to the system is not functioning. (0x1F)
Dec 22, 2021 01:20:51.783 [10196:7424:1222/012051.783:ERROR:chrome_browser_main_extra_parts_metrics.cc(226)] crbug.com/1216328: Checking Bluetooth availability started. Please report if there is no report that this ends.
Dec 22, 2021 01:20:51.785 [10196:7424:1222/012051.784:ERROR:chrome_browser_main_extra_parts_metrics.cc(229)] crbug.com/1216328: Checking Bluetooth availability ended.
Dec 22, 2021 01:20:51.785 [10196:7424:1222/012051.785:ERROR:chrome_browser_main_extra_parts_metrics.cc(232)] crbug.com/1216328: Checking default browser status started. Please report if there is no report that this ends.
Dec 22, 2021 01:20:51.792 [10196:7424:1222/012051.792:ERROR:chrome_browser_main_extra_parts_metrics.cc(236)] crbug.com/1216328: Checking default browser status ended.
Dec 22, 2021 01:20:51.888 [10196:8064:1222/012051.888:ERROR:device_event_log_impl.cc(214)] [01:20:51.888] USB: usb_device_handle_win.cc:1048 Failed to read descriptor from node connection: A device attached to the system is not functioning. (0x1F)
Dec 22, 2021 01:20:51.889 [10196:8064:1222/012051.888:ERROR:device_event_log_impl.cc(214)] [01:20:51.888] USB: usb_device_handle_win.cc:1048 Failed to read descriptor from node connection: A device attached to the system is not functioning. (0x1F)
Dec 22, 2021 02:28:35.536 [3992:9064:1222/022835.535:ERROR:chrome_browser_main_extra_parts_metrics.cc(226)] crbug.com/1216328: Checking Bluetooth availability started. Please report if there is no report that this ends.
Dec 22, 2021 02:28:35.536 [3992:9064:1222/022835.536:ERROR:chrome_browser_main_extra_parts_metrics.cc(229)] crbug.com/1216328: Checking Bluetooth availability ended.
Dec 22, 2021 02:28:35.537 [3992:9064:1222/022835.536:ERROR:chrome_browser_main_extra_parts_metrics.cc(232)] crbug.com/1216328: Checking default browser status started. Please report if there is no report that this ends.
Dec 22, 2021 02:28:35.540 [3992:9064:1222/022835.540:ERROR:chrome_browser_main_extra_parts_metrics.cc(236)] crbug.com/1216328: Checking default browser status ended.
Dec 22, 2021 02:28:35.632 [3992:1372:1222/022835.632:ERROR:device_event_log_impl.cc(214)] [02:28:35.631] USB: usb_device_handle_win.cc:1048 Failed to read descriptor from node connection: A device attached to the system is not functioning. (0x1F)
Dec 22, 2021 02:28:35.632 [3992:1372:1222/022835.632:ERROR:device_event_log_impl.cc(214)] [02:28:35.632] USB: usb_device_handle_win.cc:1048 Failed to read descriptor from node connection: A device attached to the system is not functioning. (0x1F)
Dec 22, 2021 22:19:40.324 [12424:11036:1222/221940.323:ERROR:chrome_browser_main_extra_parts_metrics.cc(226)] crbug.com/1216328: Checking Bluetooth availability started. Please report if there is no report that this ends.
Dec 22, 2021 22:19:40.325 [12424:11036:1222/221940.325:ERROR:chrome_browser_main_extra_parts_metrics.cc(229)] crbug.com/1216328: Checking Bluetooth availability ended.
Dec 22, 2021 22:19:40.325 [12424:11036:1222/221940.325:ERROR:chrome_browser_main_extra_parts_metrics.cc(232)] crbug.com/1216328: Checking default browser status started. Please report if there is no report that this ends.
Dec 22, 2021 22:19:40.378 [12424:11036:1222/221940.378:ERROR:chrome_browser_main_extra_parts_metrics.cc(236)] crbug.com/1216328: Checking default browser status ended.
Dec 22, 2021 22:19:40.467 [12424:13072:1222/221940.463:ERROR:device_event_log_impl.cc(214)] [22:19:40.464] USB: usb_device_handle_win.cc:1048 Failed to read descriptor from node connection: A device attached to the system is not functioning. (0x1F)
Dec 22, 2021 22:19:40.468 [12424:13072:1222/221940.465:ERROR:device_event_log_impl.cc(214)] [22:19:40.465] USB: usb_device_handle_win.cc:1048 Failed to read descriptor from node connection: A device attached to the system is not functioning. (0x1F)
Dec 22, 2021 22:46:10.764 [5372:12352:1222/224610.763:ERROR:chrome_browser_main_extra_parts_metrics.cc(226)] crbug.com/1216328: Checking Bluetooth availability started. Please report if there is no report that this ends.
Dec 22, 2021 22:46:10.780 [5372:12352:1222/224610.779:ERROR:chrome_browser_main_extra_parts_metrics.cc(229)] crbug.com/1216328: Checking Bluetooth availability ended.
Dec 22, 2021 22:46:10.783 [5372:12352:1222/224610.783:ERROR:chrome_browser_main_extra_parts_metrics.cc(232)] crbug.com/1216328: Checking default browser status started. Please report if there is no report that this ends.
Dec 22, 2021 22:46:10.786 [5372:12352:1222/224610.786:ERROR:chrome_browser_main_extra_parts_metrics.cc(236)] crbug.com/1216328: Checking default browser status ended.
Dec 22, 2021 22:46:10.859 [5372:2016:1222/224610.859:ERROR:device_event_log_impl.cc(214)] [22:46:10.859] USB: usb_device_handle_win.cc:1048 Failed to read descriptor from node connection: A device attached to the system is not functioning. (0x1F)
Dec 22, 2021 22:46:10.859 [5372:2016:1222/224610.859:ERROR:device_event_log_impl.cc(214)] [22:46:10.859] USB: usb_device_handle_win.cc:1048 Failed to read descriptor from node connection: A device attached to the system is not functioning. (0x1F)
Dec 22, 2021 23:35:15.329 [1228:5484:1222/233515.329:ERROR:chrome_browser_main_extra_parts_metrics.cc(226)] crbug.com/1216328: Checking Bluetooth availability started. Please report if there is no report that this ends.
Dec 22, 2021 23:35:15.329 [1228:5484:1222/233515.329:ERROR:chrome_browser_main_extra_parts_metrics.cc(229)] crbug.com/1216328: Checking Bluetooth availability ended.
Dec 22, 2021 23:35:15.330 [1228:5484:1222/233515.329:ERROR:chrome_browser_main_extra_parts_metrics.cc(232)] crbug.com/1216328: Checking default browser status started. Please report if there is no report that this ends.
Dec 22, 2021 23:35:15.340 [1228:5484:1222/233515.339:ERROR:chrome_browser_main_extra_parts_metrics.cc(236)] crbug.com/1216328: Checking default browser status ended.
Dec 22, 2021 23:35:15.442 [1228:10372:1222/233515.442:ERROR:device_event_log_impl.cc(214)] [23:35:15.442] USB: usb_device_handle_win.cc:1048 Failed to read descriptor from node connection: A device attached to the system is not functioning. (0x1F)
Dec 22, 2021 23:35:15.442 [1228:10372:1222/233515.442:ERROR:device_event_log_impl.cc(214)] [23:35:15.442] USB: usb_device_handle_win.cc:1048 Failed to read descriptor from node connection: A device attached to the system is not functioning. (0x1F)
Dec 23, 2021 24:33:11.39 [1228:4832:1223/003311.039:ERROR:connection_factory_impl.cc(425)] Failed to connect to MCS endpoint with error -106
Dec 23, 2021 10:30:38.886 [1228:4832:1223/103038.886:ERROR:connection_factory_impl.cc(425)] Failed to connect to MCS endpoint with error -105
Dec 23, 2021 10:30:38.890 [1228:13080:1223/103038.890:ERROR:get_updates_processor.cc(260)] PostClientToServerMessage() failed during GetUpdates with error 2
Dec 23, 2021 10:30:39.90 [1228:13080:1223/103039.090:ERROR:get_updates_processor.cc(260)] PostClientToServerMessage() failed during GetUpdates with error 2
Dec 23, 2021 10:30:45.202 [1228:4832:1223/103045.202:ERROR:connection_factory_impl.cc(425)] Failed to connect to MCS endpoint with error -105
Dec 23, 2021 10:31:55.951 [1228:10372:1223/103155.951:ERROR:device_event_log_impl.cc(214)] [10:31:55.952] USB: usb_service_win.cc:261 Failed to get device driver name: Element not found. (0x490)
Dec 23, 2021 10:36:34.888 [1228:10372:1223/103634.887:ERROR:device_event_log_impl.cc(214)] [10:36:34.886] USB: usb_service_win.cc:261 Failed to get device driver name: Element not found. (0x490)
Dec 23, 2021 10:36:36.535 [1228:10372:1223/103636.535:ERROR:device_event_log_impl.cc(214)] [10:36:36.534] USB: usb_service_win.cc:261 Failed to get device driver name: Element not found. (0x490)
Dec 23, 2021 10:36:57.61 [1228:10372:1223/103657.060:ERROR:device_event_log_impl.cc(214)] [10:36:57.060] USB: usb_service_win.cc:261 Failed to get device driver name: Element not found. (0x490)
Dec 23, 2021 10:36:58.957 [1228:10372:1223/103658.956:ERROR:device_event_log_impl.cc(214)] [10:36:58.956] USB: usb_service_win.cc:261 Failed to get device driver name: Element not found. (0x490)
Dec 23, 2021 10:37:00.978 [1228:10372:1223/103700.977:ERROR:device_event_log_impl.cc(214)] [10:37:00.977] USB: usb_service_win.cc:261 Failed to get device driver name: Element not found. (0x490)
Dec 23, 2021 10:39:32.161 [1228:10372:1223/103932.161:ERROR:device_event_log_impl.cc(214)] [10:39:32.160] USB: usb_service_win.cc:261 Failed to get device driver name: Element not found. (0x490)
Dec 24, 2021 23:05:43.876 [1228:4404:1224/230543.875:ERROR:gcm_store_impl.cc(652)] LevelDB remove failed: NotFound: 
Dec 24, 2021 23:05:43.913 [1228:4832:1224/230543.878:ERROR:mcs_client.cc(526)] GCM Update failed!
Dec 25, 2021 24:36:45.646 [1228:4832:1225/003645.645:ERROR:connection_factory_impl.cc(425)] Failed to connect to MCS endpoint with error -106
Dec 25, 2021 01:15:58.504 [1228:10372:1225/011558.504:ERROR:device_event_log_impl.cc(214)] [01:15:58.504] USB: usb_service_win.cc:261 Failed to get device driver name: Element not found. (0x490)
Dec 25, 2021 12:51:19.574 [1228:4832:1225/125119.573:ERROR:connection_factory_impl.cc(425)] Failed to connect to MCS endpoint with error -106
Dec 25, 2021 12:51:19.577 [1228:5504:1225/125119.577:ERROR:get_updates_processor.cc(260)] PostClientToServerMessage() failed during GetUpdates with error 2
Dec 25, 2021 12:51:40.157 [1228:4832:1225/125140.157:ERROR:connection_factory_impl.cc(425)] Failed to connect to MCS endpoint with error -106
Dec 25, 2021 16:17:41.274 [1228:4832:1225/161741.273:ERROR:connection_factory_impl.cc(425)] Failed to connect to MCS endpoint with error -106
Dec 25, 2021 16:17:41.363 [1228:14552:1225/161741.363:ERROR:get_updates_processor.cc(260)] PostClientToServerMessage() failed during GetUpdates with error 2
Dec 25, 2021 17:45:10.244 [14480:14176:1225/174510.243:ERROR:device_event_log_impl.cc(214)] [17:45:10.243] USB: usb_device_handle_win.cc:1048 Failed to read descriptor from node connection: A device attached to the system is not functioning. (0x1F)
Dec 25, 2021 17:45:10.244 [14480:14176:1225/174510.244:ERROR:device_event_log_impl.cc(214)] [17:45:10.244] USB: usb_device_handle_win.cc:1048 Failed to read descriptor from node connection: A device attached to the system is not functioning. (0x1F)
Dec 25, 2021 17:45:10.366 [14480:11764:1225/174510.366:ERROR:chrome_browser_main_extra_parts_metrics.cc(226)] crbug.com/1216328: Checking Bluetooth availability started. Please report if there is no report that this ends.
Dec 25, 2021 17:45:10.418 [14480:11764:1225/174510.417:ERROR:chrome_browser_main_extra_parts_metrics.cc(229)] crbug.com/1216328: Checking Bluetooth availability ended.
Dec 25, 2021 17:45:10.523 [14480:11764:1225/174510.523:ERROR:chrome_browser_main_extra_parts_metrics.cc(232)] crbug.com/1216328: Checking default browser status started. Please report if there is no report that this ends.
Dec 25, 2021 17:45:10.560 [14480:11764:1225/174510.559:ERROR:chrome_browser_main_extra_parts_metrics.cc(236)] crbug.com/1216328: Checking default browser status ended.
Dec 25, 2021 17:46:26.660 [14480:12900:1225/174626.659:ERROR:database.cc(1773)] Passwords SQLite error: code 2067 errno 0: UNIQUE constraint failed: logins.origin_url, logins.username_element, logins.username_value, logins.password_element, logins.signon_realm sql: INSERT INTO logins (origin_url, action_url, username_element, username_value, password_element, password_value, submit_element, signon_realm, date_created, blacklisted_by_user, scheme, password_type, times_used, form_data, display_name, icon_url, federation_url, skip_zero_click, generation_upload_status, possible_username_pairs, id, date_last_used, moving_blocked_for, date_password_modified) VALUES (?,?,?,?,?,?,?,?,?,?,?,?,?,?,?,?,?,?,?,?,?,?,?,?)
Dec 26, 2021 24:33:50.365 [14480:14176:1226/003350.365:ERROR:device_event_log_impl.cc(214)] [00:33:50.365] USB: usb_service_win.cc:261 Failed to get device driver name: Element not found. (0x490)
Dec 26, 2021 24:38:33.295 [14480:2016:1226/003833.295:ERROR:connection_factory_impl.cc(425)] Failed to connect to MCS endpoint with error -106
Dec 26, 2021 24:45:39.169 [4776:4260:1226/004539.169:ERROR:device_event_log_impl.cc(214)] [00:45:39.170] USB: usb_device_handle_win.cc:1048 Failed to read descriptor from node connection: A device attached to the system is not functioning. (0x1F)
Dec 26, 2021 24:45:39.170 [4776:4260:1226/004539.170:ERROR:device_event_log_impl.cc(214)] [00:45:39.171] USB: usb_device_handle_win.cc:1048 Failed to read descriptor from node connection: A device attached to the system is not functioning. (0x1F)
Dec 26, 2021 24:45:39.179 [4776:12104:1226/004539.179:ERROR:chrome_browser_main_extra_parts_metrics.cc(226)] crbug.com/1216328: Checking Bluetooth availability started. Please report if there is no report that this ends.
Dec 26, 2021 24:45:39.180 [4776:12104:1226/004539.179:ERROR:chrome_browser_main_extra_parts_metrics.cc(229)] crbug.com/1216328: Checking Bluetooth availability ended.
Dec 26, 2021 24:45:39.180 [4776:12104:1226/004539.179:ERROR:chrome_browser_main_extra_parts_metrics.cc(232)] crbug.com/1216328: Checking default browser status started. Please report if there is no report that this ends.
Dec 26, 2021 24:45:39.185 [4776:12104:1226/004539.185:ERROR:chrome_browser_main_extra_parts_metrics.cc(236)] crbug.com/1216328: Checking default browser status ended.
